Performing C SOURCE FILE Test CMAKE_HAVE_LIBC_PTHREAD failed with the following output:
Change Dir: /home/zzn/CLionProjects/tinyEngine/cmake-build-debug/CMakeFiles/CMakeTmp

Run Build Command(s):/snap/clion/198/bin/ninja/linux/ninja cmTC_96ece && [1/2] Building C object CMakeFiles/cmTC_96ece.dir/src.c.o
[2/2] Linking C executable cmTC_96ece
FAILED: cmTC_96ece 
: && /usr/bin/cc   CMakeFiles/cmTC_96ece.dir/src.c.o -o cmTC_96ece   && :
/usr/bin/ld: CMakeFiles/cmTC_96ece.dir/src.c.o: in function `main':
src.c:(.text+0x46): undefined reference to `pthread_create'
/usr/bin/ld: src.c:(.text+0x52): undefined reference to `pthread_detach'
/usr/bin/ld: src.c:(.text+0x5e): undefined reference to `pthread_cancel'
/usr/bin/ld: src.c:(.text+0x6f): undefined reference to `pthread_join'
collect2: error: ld returned 1 exit status
ninja: build stopped: subcommand failed.


Source file was:
#include <pthread.h>

static void* test_func(void* data)
{
  return data;
}

int main(void)
{
  pthread_t thread;
  pthread_create(&thread, NULL, test_func, NULL);
  pthread_detach(thread);
  pthread_cancel(thread);
  pthread_join(thread, NULL);
  pthread_atfork(NULL, NULL, NULL);
  pthread_exit(NULL);

  return 0;
}

Determining if the function pthread_create exists in the pthreads failed with the following output:
Change Dir: /home/zzn/CLionProjects/tinyEngine/cmake-build-debug/CMakeFiles/CMakeTmp

Run Build Command(s):/snap/clion/198/bin/ninja/linux/ninja cmTC_bbfd2 && [1/2] Building C object CMakeFiles/cmTC_bbfd2.dir/CheckFunctionExists.c.o
[2/2] Linking C executable cmTC_bbfd2
FAILED: cmTC_bbfd2 
: && /usr/bin/cc -DCHECK_FUNCTION_EXISTS=pthread_create  CMakeFiles/cmTC_bbfd2.dir/CheckFunctionExists.c.o -o cmTC_bbfd2  -lpthreads && :
/usr/bin/ld: 找不到 -lpthreads
collect2: error: ld returned 1 exit status
ninja: build stopped: subcommand failed.



Performing C SOURCE FILE Test CMAKE_HAVE_LIBC_PTHREAD failed with the following output:
Change Dir: /home/zzn/CLionProjects/tinyEngine/cmake-build-debug/CMakeFiles/CMakeTmp

Run Build Command(s):/snap/clion/198/bin/ninja/linux/ninja cmTC_83c63 && [1/2] Building C object CMakeFiles/cmTC_83c63.dir/src.c.o
[2/2] Linking C executable cmTC_83c63
FAILED: cmTC_83c63 
: && /usr/bin/cc   CMakeFiles/cmTC_83c63.dir/src.c.o -o cmTC_83c63   && :
/usr/bin/ld: CMakeFiles/cmTC_83c63.dir/src.c.o: in function `main':
src.c:(.text+0x46): undefined reference to `pthread_create'
/usr/bin/ld: src.c:(.text+0x52): undefined reference to `pthread_detach'
/usr/bin/ld: src.c:(.text+0x5e): undefined reference to `pthread_cancel'
/usr/bin/ld: src.c:(.text+0x6f): undefined reference to `pthread_join'
collect2: error: ld returned 1 exit status
ninja: build stopped: subcommand failed.


Source file was:
#include <pthread.h>

static void* test_func(void* data)
{
  return data;
}

int main(void)
{
  pthread_t thread;
  pthread_create(&thread, NULL, test_func, NULL);
  pthread_detach(thread);
  pthread_cancel(thread);
  pthread_join(thread, NULL);
  pthread_atfork(NULL, NULL, NULL);
  pthread_exit(NULL);

  return 0;
}

Determining if the function pthread_create exists in the pthreads failed with the following output:
Change Dir: /home/zzn/CLionProjects/tinyEngine/cmake-build-debug/CMakeFiles/CMakeTmp

Run Build Command(s):/snap/clion/198/bin/ninja/linux/ninja cmTC_a28a3 && [1/2] Building C object CMakeFiles/cmTC_a28a3.dir/CheckFunctionExists.c.o
[2/2] Linking C executable cmTC_a28a3
FAILED: cmTC_a28a3 
: && /usr/bin/cc -DCHECK_FUNCTION_EXISTS=pthread_create  CMakeFiles/cmTC_a28a3.dir/CheckFunctionExists.c.o -o cmTC_a28a3  -lpthreads && :
/usr/bin/ld: 找不到 -lpthreads
collect2: error: ld returned 1 exit status
ninja: build stopped: subcommand failed.



